{
  "RSpec": {
    "coverage": {
      "/Users/kn/turing/mod2/b2-final-2011/config/environment.rb": {
        "lines": [
          null,
          1,
          null,
          null,
          1
        ]
      },
      "/Users/kn/turing/mod2/b2-final-2011/config/application.rb": {
        "lines": [
          1,
          null,
          1,
          null,
          1,
          1,
          1,
          1,
          1,
          1,
          1,
          1,
          1,
          null,
          null,
          null,
          null,
          1,
          null,
          1,
          1,
          null,
          1,
          null,
          null,
          null,
          null,
          null,
          null,
          null,
          1,
          null,
          null
        ]
      },
      "/Users/kn/turing/mod2/b2-final-2011/config/boot.rb": {
        "lines": [
          1,
          null,
          1,
          1
        ]
      },
      "/Users/kn/turing/mod2/b2-final-2011/config/environments/test.rb": {
        "lines": [
          1,
          null,
          null,
          null,
          null,
          null,
          null,
          1,
          null,
          null,
          null,
          null,
          1,
          null,
          null,
          1,
          1,
          null,
          null,
          null,
          null,
          1,
          1,
          null,
          null,
          1,
          null,
          null,
          1,
          null,
          null,
          1,
          null,
          1,
          null,
          null,
          null,
          null,
          1,
          null,
          null,
          1,
          null,
          null,
          null,
          null
        ]
      },
      "/Users/kn/turing/mod2/b2-final-2011/config/initializers/application_controller_renderer.rb": {
        "lines": [
          null,
          null,
          null,
          null,
          null,
          null,
          null,
          null
        ]
      },
      "/Users/kn/turing/mod2/b2-final-2011/config/initializers/assets.rb": {
        "lines": [
          null,
          null,
          null,
          1,
          null,
          null,
          null,
          null,
          1,
          null,
          null,
          null,
          null,
          null
        ]
      },
      "/Users/kn/turing/mod2/b2-final-2011/config/initializers/backtrace_silencers.rb": {
        "lines": [
          null,
          null,
          null,
          null,
          null,
          null,
          null
        ]
      },
      "/Users/kn/turing/mod2/b2-final-2011/config/initializers/content_security_policy.rb": {
        "lines": [
          null,
          null,
          null,
          null,
          null,
          null,
          null,
          null,
          null,
          null,
          null,
          null,
          null,
          null,
          null,
          null,
          null,
          null,
          null,
          null,
          null,
          null,
          null,
          null,
          null
        ]
      },
      "/Users/kn/turing/mod2/b2-final-2011/config/initializers/cookies_serializer.rb": {
        "lines": [
          null,
          null,
          null,
          null,
          1
        ]
      },
      "/Users/kn/turing/mod2/b2-final-2011/config/initializers/filter_parameter_logging.rb": {
        "lines": [
          null,
          null,
          null,
          1
        ]
      },
      "/Users/kn/turing/mod2/b2-final-2011/config/initializers/inflections.rb": {
        "lines": [
          null,
          null,
          null,
          null,
          null,
          null,
          null,
          null,
          null,
          null,
          null,
          null,
          null,
          null,
          null,
          null
        ]
      },
      "/Users/kn/turing/mod2/b2-final-2011/config/initializers/mime_types.rb": {
        "lines": [
          null,
          null,
          null,
          null
        ]
      },
      "/Users/kn/turing/mod2/b2-final-2011/config/initializers/wrap_parameters.rb": {
        "lines": [
          null,
          null,
          null,
          null,
          null,
          null,
          1,
          2,
          null,
          null,
          null,
          null,
          null,
          null
        ]
      },
      "/Users/kn/turing/mod2/b2-final-2011/config/routes.rb": {
        "lines": [
          1,
          null,
          1,
          null,
          1,
          null
        ]
      },
      "/Users/kn/turing/mod2/b2-final-2011/app/helpers/application_helper.rb": {
        "lines": [
          1,
          null
        ]
      },
      "/Users/kn/turing/mod2/b2-final-2011/app/helpers/flight_passengers_helper.rb": {
        "lines": [
          1,
          null
        ]
      },
      "/Users/kn/turing/mod2/b2-final-2011/app/helpers/flights_helper.rb": {
        "lines": [
          1,
          null
        ]
      },
      "/Users/kn/turing/mod2/b2-final-2011/app/helpers/passengers_helper.rb": {
        "lines": [
          1,
          null
        ]
      },
      "/Users/kn/turing/mod2/b2-final-2011/spec/features/flights/show_spec.rb": {
        "lines": [
          1,
          null,
          1,
          1,
          3,
          3,
          3,
          null,
          3,
          3,
          3,
          3,
          3,
          3,
          3,
          3,
          3,
          3,
          3,
          3,
          3,
          3,
          3,
          3,
          3,
          3,
          3,
          3,
          null,
          null,
          1,
          1,
          1,
          1,
          1,
          1,
          1,
          1,
          1,
          1,
          1,
          1,
          1,
          1,
          1,
          1,
          null,
          null,
          1,
          1,
          1,
          1,
          null,
          1,
          1,
          null,
          null,
          1,
          1,
          1,
          1,
          null,
          null,
          null,
          null
        ]
      },
      "/Users/kn/turing/mod2/b2-final-2011/spec/models/flight_passenger_spec.rb": {
        "lines": [
          1,
          null,
          1,
          2,
          2,
          null
        ]
      },
      "/Users/kn/turing/mod2/b2-final-2011/app/models/flight_passenger.rb": {
        "lines": [
          1,
          1,
          1,
          null
        ]
      },
      "/Users/kn/turing/mod2/b2-final-2011/app/models/application_record.rb": {
        "lines": [
          1,
          1,
          null
        ]
      },
      "/Users/kn/turing/mod2/b2-final-2011/spec/models/flight_spec.rb": {
        "lines": [
          1,
          null,
          1,
          1,
          6,
          6,
          6,
          null,
          6,
          6,
          6,
          6,
          6,
          6,
          6,
          6,
          6,
          6,
          6,
          6,
          6,
          6,
          6,
          6,
          6,
          null,
          6,
          6,
          6,
          6,
          6,
          6,
          6,
          6,
          6,
          6,
          6,
          null,
          null,
          1,
          2,
          2,
          null,
          null,
          1,
          1,
          1,
          null,
          null,
          1,
          1,
          1,
          1,
          null,
          null,
          1,
          1,
          1,
          1,
          1,
          1,
          null,
          null,
          1,
          1,
          1,
          1,
          1,
          null,
          null,
          null,
          null,
          null
        ]
      },
      "/Users/kn/turing/mod2/b2-final-2011/app/models/flight.rb": {
        "lines": [
          1,
          1,
          1,
          null,
          1,
          1,
          null,
          null,
          1,
          5,
          null,
          null,
          1,
          18,
          null,
          null,
          1,
          9,
          null,
          null,
          null
        ]
      },
      "/Users/kn/turing/mod2/b2-final-2011/spec/models/passenger_spec.rb": {
        "lines": [
          1,
          null,
          1,
          2,
          2,
          null
        ]
      },
      "/Users/kn/turing/mod2/b2-final-2011/app/models/passenger.rb": {
        "lines": [
          1,
          1,
          1,
          null
        ]
      },
      "/Users/kn/turing/mod2/b2-final-2011/spec/requests/flight_passengers_request_spec.rb": {
        "lines": [
          1,
          null,
          1,
          null,
          null
        ]
      },
      "/Users/kn/turing/mod2/b2-final-2011/spec/requests/flights_request_spec.rb": {
        "lines": [
          1,
          null,
          1,
          null,
          null
        ]
      },
      "/Users/kn/turing/mod2/b2-final-2011/spec/requests/passengers_request_spec.rb": {
        "lines": [
          1,
          null,
          1,
          null,
          null
        ]
      },
      "/Users/kn/turing/mod2/b2-final-2011/app/controllers/flights_controller.rb": {
        "lines": [
          1,
          null,
          1,
          3,
          null,
          null,
          1,
          4,
          4,
          null,
          null
        ]
      },
      "/Users/kn/turing/mod2/b2-final-2011/app/controllers/application_controller.rb": {
        "lines": [
          1,
          null
        ]
      },
      "/Users/kn/turing/mod2/b2-final-2011/app/controllers/flight_passengers_controller.rb": {
        "lines": [
          1,
          null,
          1,
          1,
          1,
          1,
          null,
          null
        ]
      }
    },
    "timestamp": 1615255771
  }
}
